/Users/steffen/workspace/personal/AdventOfCode/src/AdventOfCode2024/Program.cs(50,23): warning CS8618: Non-nullable property 'Path' must contain a non-null value when exiting constructor. Consider declaring the property as nullable. [/Users/steffen/workspace/personal/AdventOfCode/src/AdventOfCode2024/AdventOfCode2024.csproj]
select()} <*mul(843,597)!~mul(717,524)&?}'mul(928,721)>mul(194,52)'why()]-*select()what(898,458):#*mul(31,582)mul(209,470)'-mul(834,167)>}mul(188,914)where(344,689)select(90,321)where()-when()[{]mul(133,940)#-mul(732,657)why()$when()-how()?!>who(208,16)mul(332,604)?
do()^:how():: mul(613,614)@);mul(458,93)@# @$~+#select(234,120)mul(184,924)~ why()^$' #{mul(882,83)~<&mul(878,13)select()who()?mul(947,828)select()select())?>^where()how()'*mul(837,672)-select():from())[^$^mul(325,979)}what()[select()mul(226,766)?where()'what():mul(964,728)/)~$~how()&]%]mul(420,781)$how()/]! ~]?mul(624,205)-how()<(*where()where()mul(33,801)mul(614,925)/mul(660,91)}/mul(205,753)$- }mul(136,460)where(671,425)from()@mul(316,262)*?'%(mul(290,988)why()<+[%from()/@>mul(694,616)what()from()what()#$where()mul(666,785)mul(668,125)!%/&*(~*mul(728,226)why() %/{'>how(615,392):mul(478,823)>
do()mul(166,999)%~!!mul(368,199)how()!who()/<-[mul(43,454)how(673,426))
do()when()$from()why()^mul(228,279)how():select()mul(413,456)where(){$-[where()who()mul(769,535)mul(290,859)!#
do();who()&+%mul(734,882)mul(346,904)/mul(319,21)<mul(548,912)mul(776,306)/'when() -^-!/mul(805,224)who(),~{when()[mul(641,941)+*why()mul(880,39)!mul(367,322)+{;why())<where():+ 
do():who()who(){mul(297,155){>/@!}[(: mul(582,935);mul(924,453)where():]*]mul(962,327):?<where(583,199)/[{)how()
do()}why()how()select(73,137)mul(268,58)-(where()?/'mul(741,485)when()?select()-)where()*<%
do()when()$<(mul(351,5);-<;,@!why()mul(234,498)who()when()]^/what()^how()
do();$]&mul(120,466)*? -#{mul(815,705)why()mul+''*:<select()mul(363,529)# :(,!
do()how()[$select()mul(959,174)]$ ^^&(} what()mul(57,223)]!][mul(887,199)who()! &<mul(344,455)% ^&^&mul#!where(431,184) select() 
do() !^(:+;!mul(342,49)&who(),mul(265,288)#(^mul(360,144)>mul(82,491)where()(
do()+when(215,956)where()!#mul(170,386why()mul(166,604)select()&:##>(why()<mul(405,741),~/&$mul(584,632)~mul(940,464)%'select()where()*+*&what()mul(33,565),}-how()*%:mul(381,287)^from(912,230):from()%+^!mul(874,596)mul(878,587)$where())>mul(255,880)??$)mul(886,864/[]how()mul(594,934)(what(669,547),^%~mul(695from()>:{#where()select(),{{where()mul(249,262)'where()from()@/:)*mul(599,339)&[^from()<#where()mul(784,206)/'$(mul(123,960)([~what()}<mul(859,916)!++%*
do()/$select()what()mul(223,84)mul(416,808)mul(81,303)['what()where()!*why()/mul(287,320)};**how()mul(52,317)!(~;;?mul(39,918)%)~who()mul(193,87)@!why()#;,mul(609,5)when(96,492)!{^<!what()mul(515,479)where()
do()mul(551,389);<>#mul(281,726)mul(109,832)why()mul(429,124))%^'(,mul(564,346)mul^@](mul(836,870)mul(732,724)$$'>mul(802,696),%/]mul(376,742)why()mul(918,947%mul(956,894)};)when()]/mul(978,168)/mul(787,349)select()(*why()#,}who()(where()mul(172,325)()mul(715,639)^*who()mul(119,208)select()#%select()mul(819,355)how()]+-mul(703,499):,+;<mul(75,508$$'mul(370,741)when()what()mul(125,40)when()[how()<>mul(501,610){!+mul(242,771)who()where()who()}:~how(690,244)when()when()#mul(883,139)%<,?^)mul(724,106)+,@;](*>$mul(980,328<);<+^?when()+mul(81,543)how(10,555)mul(608,375)~%]]/<select()(how()what()mul(772,18)mul(9,29){!where())?:@!mul(547,225)^'^%(who()>-),mul(526,816)<<:how()@>who(502,331),why(830,316)-mul(272,110)#mul(551,116)how()(~-;:</[mul(586,524){mul(605,994);[&@mul(691,659),who(889,972)?where()<,?,mul(744,764)$mul(392,795)}>%}&mul(412,731+
do()[ what()>?from()mul(976,959)->%/mul(840,957)from()$?-+?(:*}mul(566/%why()
do():)when():select()mul(859,599)~+,@>~mul(411,160)~+;^}mul(377,233)*)mul(127,759where()[${where()(where()$>mul(390,173)<[mul(147,551)$^/~[what()~mul+(')when();%mul(324,388)mul(762,361)@+@mul(944'}mul(726,627)what()&:-+:;}mul(463,374)mul(696,477)where(102,685)}#;*?from()how()>mul(707,273)!^&[,^(mul(828,638) what()!@!,&*@mul(714,244)what()$mul(275,818)}when()'when()($,mul(523,833)})}#from(),mul(784,51)how()when(),who()[:~mul(684,848){>:select(397,607)<?&'[ mul(152,194)<'>
do()?(?>)#^^*,mul(690,323)>+#mul(106,680)!#$mul(639,592)<where()@}#mul(735,82)
do()+mul(873,520)]>*),mul(331,382)from())
do():!:#where()~mul],mul(656,936)~%&where()@)[what(554,139)mul(231,221)%?[why()*+who()-}[mul(615,700)*-)}%-/~$!mul(618,537))}where()}:what()@!'mul(788,743)when();&~>mul(561,506)]{<how()mul(598,888)what()mul(708,163)<<)
do()]])what()%+}from(682,977) mul(113,802)mul(700,433)!)'select(310,619)mul(26,157)[(-mul(952,142)!mul(6,50))](from()select()
do()why()!mul(727,800)[mul(638,20):
do()?what()who()$why()mul(583,316)*][mul(987,727);<)][^select(769,591)[where()mul(442,27)!$who()where()[^mul(852,777),select()@select(){:?how()mul(255,572)+what()&+!, how()when()mul(558,716)[who()mul(10,703)mul(892,320)how()+) ]
do()mul(313,868){~mul(618,505)'select()])>(]! mul(562,800)mul(300,214)/what(),~who()%]~why()mul(255,314)how();^[}-mul(396,152)~^}mul(677,132)}mul(616,398)mul(238,670)when()?*who():%[?#select()mul(23,920)#$;who(){&mul(133/%;mul(15,257)where()-mul(334,84)mul(702,311&mul(372,282)  [from()mul(693,502)@<$+
do()why(),[++;~^mul(462,190):-)select()+how()!>$mul(933,126)*'#@!mul(158,156)!<select()>,mul(16,531)*,;:]~mul(992,394)
do()@where()select()@{(mul(468,615)<?*&how()'how()mul(444,666)why()mul(715,820^~mul(548,540)*#/#
do()(#select()mul(618,741);mul(704,181)>-:^why();](]mul(459,273)&$^]#]when()!when()how()mul(46,732):why()(mul(829,157)[,mul(102,419)+what(48,290){when()&)]what(312,93)mul(963,884[,what()mul(845,518)how();> }&mul(879,886)^[(}{@where()$+?mul(288,560)+~/^mul(529,203)*$#)^~{how()<?mul(73,705)/from()&#'what()&>mul(822,185)+select()~mul(76,474)select()mul(974,326)!:
do()why()?&%@mul(822,567)#mul(919,837)${how()~what(),select()what()how()
53049865
